2026-02-21 21:36:11,033 [INFO] [MainThread] [root/log.py:95]: YASB v1.8.9
2026-02-21 21:36:11,033 [INFO] [CLIPipeServer] [cli_server/cli_server.py:215]: CLI server started v1.1.5
2026-02-21 21:36:11,033 [INFO] [MainThread] [cli_server/cli_server.py:106]: Log pipe server started
2026-02-21 21:36:11,114 [DEBUG] [MainThread] [qasync._windows._EventPoller/_windows.py:215]: Starting (proactor: <_IocpProactor overlapped#=0 result#=0>)...
2026-02-21 21:36:11,115 [DEBUG] [Dummy-3] [qasync._windows._EventWorker/_windows.py:195]: Thread started
2026-02-21 21:36:11,117 [INFO] [MainThread] [root/config.py:59]: Created default config file at C:\Users\vifri\.config\yasb\config.yaml
2026-02-21 21:36:11,135 [INFO] [MainThread] [root/config.py:73]: Created default stylesheet at C:\Users\vifri\.config\yasb\styles.css
2026-02-21 21:36:11,751 [ERROR] [MainThread] [root/weather.py:41]: API key or location is missing. Please provide a valid API key and location.
2026-02-21 21:36:11,762 [INFO] [MainThread] [root/service.py:41]: AudioInputService starting...
2026-02-21 21:36:11,813 [INFO] [MainThread] [root/service.py:52]: AudioOutputService starting...
2026-02-21 21:36:12,268 [INFO] [MainThread] [root/bar_manager.py:88]: Starting SystemEventListener...
2026-02-21 21:36:12,268 [INFO] [MainThread] [root/bar_manager.py:88]: Starting WindowsNotificationEventListener...
2026-02-21 21:36:12,269 [INFO] [MainThread] [root/bar_manager.py:88]: Starting KomorebiEventListener...
2026-02-21 21:36:12,271 [INFO] [MainThread] [root/watcher.py:65]: Watching directory: c:\users\vifri\.config\yasb
2026-02-21 21:36:12,271 [INFO] [MainThread] [root/watcher.py:104]: Created file watcher
2026-02-21 21:36:12,271 [INFO] [Dummy-8] [root/event_listener.py:51]: Created named pipe yasb-f5f32201-0f64-11f1-98b5-6245b4e7a4ef
2026-02-21 21:36:12,475 [INFO] [Dummy-8] [root/event_listener.py:125]: Komorebi connected to named pipe: yasb-f5f32201-0f64-11f1-98b5-6245b4e7a4ef
2026-02-21 21:36:54,842 [DEBUG] [Thread-6] [root/watcher.py:90]: Config file modified: c:\users\vifri\.config\yasb\config.yaml
2026-02-21 21:36:54,853 [INFO] [MainThread] [root/controller.py:15]: Reloading Application because of config change.
2026-02-21 21:36:54,965 [INFO] [MainThread] [cli_server/cli_server.py:114]: Log pipe server stopped
2026-02-21 21:36:54,965 [DEBUG] [MainThread] [cli_server/cli_server.py:209]: CLI server stopped
2026-02-21 21:36:54,970 [INFO] [MainThread] [root/bar_manager.py:79]: Successfully loaded updated config and re-initialised all bars.
2026-02-21 21:36:55,069 [INFO] [MainThread] [root/bar_manager.py:104]: Stopping SystemEventListener...
2026-02-21 21:36:55,069 [INFO] [MainThread] [root/bar_manager.py:104]: Stopping WindowsNotificationEventListener...
2026-02-21 21:36:55,070 [INFO] [MainThread] [root/bar_manager.py:104]: Stopping KomorebiEventListener...
2026-02-21 21:36:55,349 [INFO] [MainThread] [root/log.py:95]: YASB v1.8.9
2026-02-21 21:36:55,350 [INFO] [CLIPipeServer] [cli_server/cli_server.py:215]: CLI server started v1.1.5
2026-02-21 21:36:55,350 [INFO] [MainThread] [cli_server/cli_server.py:106]: Log pipe server started
2026-02-21 21:36:55,367 [DEBUG] [MainThread] [qasync._windows._EventPoller/_windows.py:215]: Starting (proactor: <_IocpProactor overlapped#=0 result#=0>)...
2026-02-21 21:36:55,367 [DEBUG] [Dummy-3] [qasync._windows._EventWorker/_windows.py:195]: Thread started
2026-02-21 21:36:55,765 [ERROR] [MainThread] [root/weather.py:41]: API key or location is missing. Please provide a valid API key and location.
2026-02-21 21:36:55,777 [INFO] [MainThread] [root/service.py:41]: AudioInputService starting...
2026-02-21 21:36:55,828 [INFO] [MainThread] [root/service.py:52]: AudioOutputService starting...
2026-02-21 21:36:56,125 [INFO] [MainThread] [root/bar_manager.py:88]: Starting WindowsNotificationEventListener...
2026-02-21 21:36:56,126 [INFO] [MainThread] [root/bar_manager.py:88]: Starting SystemEventListener...
2026-02-21 21:36:56,126 [INFO] [MainThread] [root/bar_manager.py:88]: Starting KomorebiEventListener...
2026-02-21 21:36:56,126 [INFO] [MainThread] [root/watcher.py:65]: Watching directory: c:\users\vifri\.config\yasb
2026-02-21 21:36:56,126 [INFO] [MainThread] [root/watcher.py:104]: Created file watcher
2026-02-21 21:36:56,128 [INFO] [Dummy-8] [root/event_listener.py:51]: Created named pipe yasb-10172584-0f65-11f1-b88b-6245b4e7a4ef
2026-02-21 21:36:56,187 [INFO] [Dummy-8] [root/event_listener.py:125]: Komorebi connected to named pipe: yasb-10172584-0f65-11f1-b88b-6245b4e7a4ef
2026-02-21 21:39:31,630 [WARNING] [Dummy-8] [root/event_listener.py:82]: Pipe has been ended: (109, 'PeekNamedPipe', 'The pipe has been ended.')
2026-02-21 21:39:31,631 [INFO] [Dummy-8] [root/event_listener.py:92]: Attempting to reconnect to Komorebi...
2026-02-21 21:39:34,634 [INFO] [Dummy-8] [root/event_listener.py:51]: Created named pipe yasb-10172584-0f65-11f1-b88b-6245b4e7a4ef
2026-02-21 21:39:39,154 [INFO] [MainThread] [root/log.py:95]: YASB v1.8.9
2026-02-21 21:39:39,155 [INFO] [CLIPipeServer] [cli_server/cli_server.py:215]: CLI server started v1.1.5
2026-02-21 21:39:39,155 [INFO] [MainThread] [cli_server/cli_server.py:106]: Log pipe server started
2026-02-21 21:39:39,173 [DEBUG] [MainThread] [qasync._windows._EventPoller/_windows.py:215]: Starting (proactor: <_IocpProactor overlapped#=0 result#=0>)...
2026-02-21 21:39:39,174 [DEBUG] [Dummy-3] [qasync._windows._EventWorker/_windows.py:195]: Thread started
2026-02-21 21:39:39,562 [ERROR] [MainThread] [root/weather.py:41]: API key or location is missing. Please provide a valid API key and location.
2026-02-21 21:39:39,573 [INFO] [MainThread] [root/service.py:41]: AudioInputService starting...
2026-02-21 21:39:39,626 [INFO] [MainThread] [root/service.py:52]: AudioOutputService starting...
2026-02-21 21:39:39,861 [INFO] [MainThread] [root/bar_manager.py:88]: Starting KomorebiEventListener...
2026-02-21 21:39:39,861 [INFO] [MainThread] [root/bar_manager.py:88]: Starting WindowsNotificationEventListener...
2026-02-21 21:39:39,862 [INFO] [MainThread] [root/bar_manager.py:88]: Starting SystemEventListener...
2026-02-21 21:39:39,863 [INFO] [MainThread] [root/watcher.py:65]: Watching directory: c:\users\vifri\.config\yasb
2026-02-21 21:39:39,863 [INFO] [MainThread] [root/watcher.py:104]: Created file watcher
2026-02-21 21:39:39,901 [INFO] [Dummy-8] [root/event_listener.py:51]: Created named pipe yasb-71af2a3a-0f65-11f1-be1f-6245b4e7a4ef
2026-02-21 21:39:50,083 [INFO] [Dummy-8] [root/event_listener.py:125]: Komorebi connected to named pipe: yasb-71af2a3a-0f65-11f1-be1f-6245b4e7a4ef
2026-02-21 21:39:52,169 [DEBUG] [MainThread] [root/utilities.py:205]: Failed to get version info for C:\Program Files\komorebi\bin\komorebi-bar.exe: (1813, 'GetFileVersionInfo:GetFileVersionInfoSize', 'The specified resource type cannot be found in the image file.')
2026-02-21 21:39:59,902 [WARNING] [Dummy-8] [root/event_listener.py:82]: Pipe has been ended: (109, 'PeekNamedPipe', 'The pipe has been ended.')
2026-02-21 21:39:59,902 [INFO] [Dummy-8] [root/event_listener.py:92]: Attempting to reconnect to Komorebi...
2026-02-21 21:40:02,905 [INFO] [Dummy-8] [root/event_listener.py:51]: Created named pipe yasb-71af2a3a-0f65-11f1-be1f-6245b4e7a4ef
2026-02-21 21:40:08,010 [INFO] [Dummy-8] [root/event_listener.py:125]: Komorebi connected to named pipe: yasb-71af2a3a-0f65-11f1-be1f-6245b4e7a4ef
2026-02-21 21:40:46,585 [WARNING] [Dummy-8] [root/event_listener.py:82]: Pipe has been ended: (109, 'PeekNamedPipe', 'The pipe has been ended.')
2026-02-21 21:40:46,586 [INFO] [Dummy-8] [root/event_listener.py:92]: Attempting to reconnect to Komorebi...
2026-02-21 21:40:49,589 [INFO] [Dummy-8] [root/event_listener.py:51]: Created named pipe yasb-71af2a3a-0f65-11f1-be1f-6245b4e7a4ef
2026-02-21 21:41:14,899 [INFO] [Dummy-8] [root/event_listener.py:125]: Komorebi connected to named pipe: yasb-71af2a3a-0f65-11f1-be1f-6245b4e7a4ef
2026-02-21 21:42:26,321 [WARNING] [Dummy-8] [root/event_listener.py:82]: Pipe has been ended: (109, 'PeekNamedPipe', 'The pipe has been ended.')
2026-02-21 21:42:26,321 [INFO] [Dummy-8] [root/event_listener.py:92]: Attempting to reconnect to Komorebi...
2026-02-21 21:42:29,324 [INFO] [Dummy-8] [root/event_listener.py:51]: Created named pipe yasb-71af2a3a-0f65-11f1-be1f-6245b4e7a4ef
2026-02-21 21:42:49,584 [INFO] [Dummy-8] [root/event_listener.py:125]: Komorebi connected to named pipe: yasb-71af2a3a-0f65-11f1-be1f-6245b4e7a4ef
2026-02-21 21:43:04,323 [WARNING] [Dummy-8] [root/event_listener.py:82]: Pipe has been ended: (109, 'PeekNamedPipe', 'The pipe has been ended.')
2026-02-21 21:43:04,323 [INFO] [Dummy-8] [root/event_listener.py:92]: Attempting to reconnect to Komorebi...
2026-02-21 21:43:07,326 [INFO] [Dummy-8] [root/event_listener.py:51]: Created named pipe yasb-71af2a3a-0f65-11f1-be1f-6245b4e7a4ef
2026-02-21 21:43:12,430 [INFO] [Dummy-8] [root/event_listener.py:125]: Komorebi connected to named pipe: yasb-71af2a3a-0f65-11f1-be1f-6245b4e7a4ef
2026-02-21 21:46:58,153 [DEBUG] [Thread-6] [root/watcher.py:90]: Config file modified: c:\users\vifri\.config\yasb\config.yaml
2026-02-21 21:46:58,160 [INFO] [MainThread] [root/controller.py:15]: Reloading Application because of config change.
2026-02-21 21:46:58,272 [INFO] [MainThread] [cli_server/cli_server.py:114]: Log pipe server stopped
2026-02-21 21:46:58,272 [DEBUG] [MainThread] [cli_server/cli_server.py:209]: CLI server stopped
2026-02-21 21:46:58,276 [INFO] [MainThread] [root/bar_manager.py:79]: Successfully loaded updated config and re-initialised all bars.
2026-02-21 21:46:58,372 [INFO] [MainThread] [root/bar_manager.py:104]: Stopping KomorebiEventListener...
2026-02-21 21:46:58,372 [INFO] [MainThread] [root/bar_manager.py:104]: Stopping WindowsNotificationEventListener...
2026-02-21 21:46:58,373 [INFO] [MainThread] [root/bar_manager.py:104]: Stopping SystemEventListener...
2026-02-21 21:46:58,379 [INFO] [Dummy-8] [root/event_listener.py:92]: Attempting to reconnect to Komorebi...
2026-02-21 21:46:58,619 [INFO] [MainThread] [root/log.py:95]: YASB v1.8.9
2026-02-21 21:46:58,619 [INFO] [CLIPipeServer] [cli_server/cli_server.py:215]: CLI server started v1.1.5
2026-02-21 21:46:58,619 [INFO] [MainThread] [cli_server/cli_server.py:106]: Log pipe server started
2026-02-21 21:46:58,680 [DEBUG] [MainThread] [qasync._windows._EventPoller/_windows.py:215]: Starting (proactor: <_IocpProactor overlapped#=0 result#=0>)...
2026-02-21 21:46:58,682 [DEBUG] [Dummy-3] [qasync._windows._EventWorker/_windows.py:195]: Thread started
2026-02-21 21:46:59,082 [INFO] [MainThread] [root/service.py:52]: AudioOutputService starting...
2026-02-21 21:46:59,332 [INFO] [MainThread] [root/bar_manager.py:88]: Starting KomorebiEventListener...
2026-02-21 21:46:59,332 [INFO] [MainThread] [root/bar_manager.py:88]: Starting SystemEventListener...
2026-02-21 21:46:59,333 [INFO] [MainThread] [root/watcher.py:65]: Watching directory: c:\users\vifri\.config\yasb
2026-02-21 21:46:59,333 [INFO] [MainThread] [root/watcher.py:104]: Created file watcher
2026-02-21 21:46:59,355 [INFO] [Dummy-7] [root/event_listener.py:51]: Created named pipe yasb-77a12fb8-0f66-11f1-9b43-6245b4e7a4ef
2026-02-21 21:46:59,415 [INFO] [Dummy-7] [root/event_listener.py:125]: Komorebi connected to named pipe: yasb-77a12fb8-0f66-11f1-9b43-6245b4e7a4ef
2026-02-21 21:46:59,514 [INFO] [MainThread] [root/api.py:69]: Fetching new weather data at 2026-02-21 21:46:59.514974
2026-02-21 21:48:12,655 [DEBUG] [Thread-5] [root/watcher.py:90]: Config file modified: c:\users\vifri\.config\yasb\config.yaml
2026-02-21 21:48:17,414 [DEBUG] [Thread-5] [root/watcher.py:84]: Stylesheet modified: c:\users\vifri\.config\yasb\styles.css
2026-02-21 21:48:33,183 [DEBUG] [Thread-5] [root/watcher.py:90]: Config file modified: c:\users\vifri\.config\yasb\config.yaml
2026-02-21 21:48:33,191 [INFO] [MainThread] [root/controller.py:15]: Reloading Application because of config change.
2026-02-21 21:48:33,304 [INFO] [MainThread] [cli_server/cli_server.py:114]: Log pipe server stopped
2026-02-21 21:48:33,304 [DEBUG] [MainThread] [cli_server/cli_server.py:209]: CLI server stopped
2026-02-21 21:48:33,308 [INFO] [MainThread] [root/bar_manager.py:79]: Successfully loaded updated config and re-initialised all bars.
2026-02-21 21:48:33,395 [INFO] [MainThread] [root/bar_manager.py:104]: Stopping KomorebiEventListener...
2026-02-21 21:48:33,395 [INFO] [MainThread] [root/bar_manager.py:104]: Stopping SystemEventListener...
2026-02-21 21:48:33,396 [INFO] [Dummy-7] [root/event_listener.py:92]: Attempting to reconnect to Komorebi...
2026-02-21 21:48:33,649 [INFO] [MainThread] [root/log.py:95]: YASB v1.8.9
2026-02-21 21:48:33,649 [INFO] [CLIPipeServer] [cli_server/cli_server.py:215]: CLI server started v1.1.5
2026-02-21 21:48:33,649 [INFO] [MainThread] [cli_server/cli_server.py:106]: Log pipe server started
2026-02-21 21:48:33,667 [DEBUG] [MainThread] [qasync._windows._EventPoller/_windows.py:215]: Starting (proactor: <_IocpProactor overlapped#=0 result#=0>)...
2026-02-21 21:48:33,668 [DEBUG] [Dummy-3] [qasync._windows._EventWorker/_windows.py:195]: Thread started
2026-02-21 21:48:34,060 [INFO] [MainThread] [root/service.py:52]: AudioOutputService starting...
2026-02-21 21:48:34,215 [INFO] [MainThread] [root/bar_manager.py:88]: Starting KomorebiEventListener...
2026-02-21 21:48:34,215 [INFO] [MainThread] [root/bar_manager.py:88]: Starting SystemEventListener...
2026-02-21 21:48:34,216 [INFO] [MainThread] [root/watcher.py:65]: Watching directory: c:\users\vifri\.config\yasb
2026-02-21 21:48:34,216 [INFO] [MainThread] [root/watcher.py:104]: Created file watcher
2026-02-21 21:48:34,216 [INFO] [Dummy-7] [root/event_listener.py:51]: Created named pipe yasb-b02f2f39-0f66-11f1-8c94-6245b4e7a4ef
2026-02-21 21:48:34,366 [INFO] [Dummy-7] [root/event_listener.py:125]: Komorebi connected to named pipe: yasb-b02f2f39-0f66-11f1-8c94-6245b4e7a4ef
2026-02-21 21:48:34,508 [INFO] [MainThread] [root/api.py:69]: Fetching new weather data at 2026-02-21 21:48:34.508928
2026-02-21 21:53:15,388 [DEBUG] [Thread-5] [root/watcher.py:90]: Config file modified: c:\users\vifri\.config\yasb\config.yaml
2026-02-21 21:53:15,405 [INFO] [MainThread] [root/controller.py:15]: Reloading Application because of config change.
2026-02-21 21:53:15,511 [INFO] [MainThread] [cli_server/cli_server.py:114]: Log pipe server stopped
2026-02-21 21:53:15,512 [DEBUG] [MainThread] [cli_server/cli_server.py:209]: CLI server stopped
2026-02-21 21:53:15,516 [INFO] [MainThread] [root/bar_manager.py:79]: Successfully loaded updated config and re-initialised all bars.
2026-02-21 21:53:15,635 [INFO] [MainThread] [root/bar_manager.py:104]: Stopping KomorebiEventListener...
2026-02-21 21:53:15,635 [INFO] [MainThread] [root/bar_manager.py:104]: Stopping SystemEventListener...
2026-02-21 21:53:15,675 [INFO] [Dummy-7] [root/event_listener.py:92]: Attempting to reconnect to Komorebi...
2026-02-21 21:53:15,890 [INFO] [MainThread] [root/log.py:95]: YASB v1.8.9
2026-02-21 21:53:15,891 [INFO] [CLIPipeServer] [cli_server/cli_server.py:215]: CLI server started v1.1.5
2026-02-21 21:53:15,891 [INFO] [MainThread] [cli_server/cli_server.py:106]: Log pipe server started
2026-02-21 21:53:15,926 [DEBUG] [MainThread] [qasync._windows._EventPoller/_windows.py:215]: Starting (proactor: <_IocpProactor overlapped#=0 result#=0>)...
2026-02-21 21:53:15,927 [DEBUG] [Dummy-3] [qasync._windows._EventWorker/_windows.py:195]: Thread started
2026-02-21 21:53:15,942 [INFO] [MainThread] [root/config.py:73]: Created default stylesheet at C:\Users\vifri\.config\yasb\styles.css
2026-02-21 21:53:16,322 [ERROR] [MainThread] [root/weather.py:41]: API key or location is missing. Please provide a valid API key and location.
2026-02-21 21:53:16,333 [INFO] [MainThread] [root/service.py:41]: AudioInputService starting...
2026-02-21 21:53:16,384 [INFO] [MainThread] [root/service.py:52]: AudioOutputService starting...
2026-02-21 21:53:16,726 [INFO] [MainThread] [root/bar_manager.py:88]: Starting WindowsNotificationEventListener...
2026-02-21 21:53:16,727 [INFO] [MainThread] [root/bar_manager.py:88]: Starting SystemEventListener...
2026-02-21 21:53:16,727 [INFO] [MainThread] [root/bar_manager.py:88]: Starting KomorebiEventListener...
2026-02-21 21:53:16,728 [INFO] [MainThread] [root/watcher.py:65]: Watching directory: c:\users\vifri\.config\yasb
2026-02-21 21:53:16,728 [INFO] [MainThread] [root/watcher.py:104]: Created file watcher
2026-02-21 21:53:16,729 [INFO] [Dummy-8] [root/event_listener.py:51]: Created named pipe yasb-589309e4-0f67-11f1-b6df-6245b4e7a4ef
2026-02-21 21:53:16,889 [INFO] [Dummy-8] [root/event_listener.py:125]: Komorebi connected to named pipe: yasb-589309e4-0f67-11f1-b6df-6245b4e7a4ef
2026-02-21 21:53:48,640 [DEBUG] [Thread-6] [root/watcher.py:84]: Stylesheet modified: c:\users\vifri\.config\yasb\styles.css
